<?xml version="1.0" encoding="UTF-8"?>
<!-- Generated by org.testng.reporters.JUnitReportReporter -->
<testsuite skipped="0" hostname="DESKTOP-1RV8L6R" name="com.saucedemo.testsuite.LoginTest" tests="2" failures="0" timestamp="2023-05-07T12:04:33 BST" time="11.782" errors="0">
  <testcase name="userShouldLoginSuccessfullyWithValidCredentials" time="6.879" classname="com.saucedemo.testsuite.LoginTest"/>
  <system-out/>
  <testcase name="verifyThatSixProductsAreDisplayedOnPage" time="4.903" classname="com.saucedemo.testsuite.LoginTest"/>
  <system-out/>
</testsuite> <!-- com.saucedemo.testsuite.LoginTest -->
