<?xml version="1.0" encoding="UTF-8"?>
<!-- Generated by org.testng.reporters.JUnitReportReporter -->
<testsuite skipped="0" hostname="DESKTOP-1RV8L6R" name="com.saucedemo.testsuite.ElectronicsTest" tests="1" failures="0" timestamp="2023-05-07T10:17:42 BST" time="7.014" errors="0">
  <testcase name="verifyUserShouldNavigateToCellPhonesPageSuccessfully" time="7.014" classname="com.saucedemo.testsuite.ElectronicsTest"/>
  <system-out/>
</testsuite> <!-- com.saucedemo.testsuite.ElectronicsTest -->
